Log at : 2020/12/4|01:57:58|GMT+0800

Log at : 2020/12/4|01:58:04|GMT+0800

Log at : 2020/12/4|01:58:04|GMT+0800

TypeError: Cannot read property 'C51' of undefined
    at b.getIncString (c:\Users\asus\.vscode\extensions\cl.keil-assistant-1.6.2\dist\extension.js:1:13625)
    at b.<anonymous> (c:\Users\asus\.vscode\extensions\cl.keil-assistant-1.6.2\dist\extension.js:1:10429)
    at Generator.next (<anonymous>)
    at c:\Users\asus\.vscode\extensions\cl.keil-assistant-1.6.2\dist\extension.js:1:4542
    at new Promise (<anonymous>)
    at r (c:\Users\asus\.vscode\extensions\cl.keil-assistant-1.6.2\dist\extension.js:1:4287)
    at b.load (c:\Users\asus\.vscode\extensions\cl.keil-assistant-1.6.2\dist\extension.js:1:10382)
    at x.<anonymous> (c:\Users\asus\.vscode\extensions\cl.keil-assistant-1.6.2\dist\extension.js:1:8182)
    at Generator.next (<anonymous>)
    at a (c:\Users\asus\.vscode\extensions\cl.keil-assistant-1.6.2\dist\extension.js:1:4344)
    at processTicksAndRejections (internal/process/task_queues.js:94:5)
Log at : 2020/12/4|02:49:01|GMT+0800

Log at : 2020/12/4|02:49:01|GMT+0800

TypeError: Cannot read property 'C51' of undefined
    at b.getIncString (c:\Users\asus\.vscode\extensions\cl.keil-assistant-1.6.2\dist\extension.js:1:13625)
    at b.<anonymous> (c:\Users\asus\.vscode\extensions\cl.keil-assistant-1.6.2\dist\extension.js:1:10429)
    at Generator.next (<anonymous>)
    at c:\Users\asus\.vscode\extensions\cl.keil-assistant-1.6.2\dist\extension.js:1:4542
    at new Promise (<anonymous>)
    at r (c:\Users\asus\.vscode\extensions\cl.keil-assistant-1.6.2\dist\extension.js:1:4287)
    at b.load (c:\Users\asus\.vscode\extensions\cl.keil-assistant-1.6.2\dist\extension.js:1:10382)
    at x.<anonymous> (c:\Users\asus\.vscode\extensions\cl.keil-assistant-1.6.2\dist\extension.js:1:8182)
    at Generator.next (<anonymous>)
    at a (c:\Users\asus\.vscode\extensions\cl.keil-assistant-1.6.2\dist\extension.js:1:4344)
    at processTicksAndRejections (internal/process/task_queues.js:94:5)
Log at : 2020/12/4|02:49:27|GMT+0800

Log at : 2020/12/4|02:49:27|GMT+0800

TypeError: Cannot read property 'C51' of undefined
    at b.getIncString (c:\Users\asus\.vscode\extensions\cl.keil-assistant-1.6.2\dist\extension.js:1:13625)
    at b.<anonymous> (c:\Users\asus\.vscode\extensions\cl.keil-assistant-1.6.2\dist\extension.js:1:10429)
    at Generator.next (<anonymous>)
    at c:\Users\asus\.vscode\extensions\cl.keil-assistant-1.6.2\dist\extension.js:1:4542
    at new Promise (<anonymous>)
    at r (c:\Users\asus\.vscode\extensions\cl.keil-assistant-1.6.2\dist\extension.js:1:4287)
    at b.load (c:\Users\asus\.vscode\extensions\cl.keil-assistant-1.6.2\dist\extension.js:1:10382)
    at x.<anonymous> (c:\Users\asus\.vscode\extensions\cl.keil-assistant-1.6.2\dist\extension.js:1:8182)
    at Generator.next (<anonymous>)
    at a (c:\Users\asus\.vscode\extensions\cl.keil-assistant-1.6.2\dist\extension.js:1:4344)
    at processTicksAndRejections (internal/process/task_queues.js:94:5)
Log at : 2020/12/4|08:24:02|GMT+0800

Log at : 2020/12/4|08:24:11|GMT+0800

Log at : 2020/12/4|08:24:11|GMT+0800

TypeError: Cannot read property 'C51' of undefined
    at b.getIncString (c:\Users\asus\.vscode\extensions\cl.keil-assistant-1.6.2\dist\extension.js:1:13625)
    at b.<anonymous> (c:\Users\asus\.vscode\extensions\cl.keil-assistant-1.6.2\dist\extension.js:1:10429)
    at Generator.next (<anonymous>)
    at c:\Users\asus\.vscode\extensions\cl.keil-assistant-1.6.2\dist\extension.js:1:4542
    at new Promise (<anonymous>)
    at r (c:\Users\asus\.vscode\extensions\cl.keil-assistant-1.6.2\dist\extension.js:1:4287)
    at b.load (c:\Users\asus\.vscode\extensions\cl.keil-assistant-1.6.2\dist\extension.js:1:10382)
    at x.<anonymous> (c:\Users\asus\.vscode\extensions\cl.keil-assistant-1.6.2\dist\extension.js:1:8182)
    at Generator.next (<anonymous>)
    at a (c:\Users\asus\.vscode\extensions\cl.keil-assistant-1.6.2\dist\extension.js:1:4344)
    at processTicksAndRejections (internal/process/task_queues.js:94:5)
[info] Log at : 2021/2/11|13:09:26|GMT+0800

[info] Log at : 2021/2/11|13:09:26|GMT+0800

[info] Log at : 2021/2/11|15:00:42|GMT+0800

[info] Log at : 2021/2/11|15:00:42|GMT+0800

[info] Log at : 2021/2/11|15:01:29|GMT+0800

[info] Log at : 2021/2/17|23:08:53|GMT+0800

[info] Log at : 2021/2/17|23:08:53|GMT+0800

